Building DAG of jobs...
Using shell: /usr/bin/bash
Provided cores: 12
Rules claiming more threads will be scaled down.
Conda environments: ignored
Job stats:
job                 count
----------------  -------
corgi_prediction        1
total                   1

Select jobs to execute...

[Mon Aug 21 10:04:46 2023]
Job 0: Using the machine learning algorithm 'CORGI' to predict contig identity.
Reason: Missing output files: output/working/corgi/plastid.fasta

[Mon Aug 21 10:05:02 2023]
Error in rule corgi_prediction:
    jobid: 0
    input: ../contigs.fasta
    output: output/working/corgi/plastid.fasta
    log: output/logging_info/corgi.log (check log file(s) for error details)
    conda-env: corgi-env
    shell:
        
        # to save times, maybe add: --no-save-filtered
        corgi --file ../contigs.fasta --output-dir output/working/corgi --batch-size 2048 --min-length 350
        
        (one of the commands exited with non-zero exit code; note that snakemake uses bash strict mode!)

Shutting down, this might take some time.
Exiting because a job execution failed. Look above for error message
Complete log: .snakemake/log/2023-08-21T100446.084488.snakemake.log
