The flag 'directory' used in rule all is only valid for outputs, not inputs.
The flag 'directory' used in rule documenting_binny_results is only valid for outputs, not inputs.
The flag 'directory' used in rule CAT_taxonomy_identification_plus_annotation is only valid for outputs, not inputs.
The flag 'directory' used in rule predict_genes_using_FragGeneScanRs is only valid for outputs, not inputs.
Building DAG of jobs...
Using shell: /usr/bin/bash
Provided cores: 1 (use --cores to define parallelism)
Rules claiming more threads will be scaled down.
Conda environments: ignored
Job stats:
job                          count
-------------------------  -------
documenting_binny_results        1
total                            1

Select jobs to execute...

[Fri Aug 25 16:16:56 2023]
Job 0: Run python script summarize_binny_results.py to record each bin's contig information.
Reason: Missing output files: output2/working/binny/cross_ref.xlsx

[Fri Aug 25 16:17:00 2023]
Error in rule documenting_binny_results:
    jobid: 0
    input: output2/working/binny/bins
    output: output2/working/binny/cross_ref.xlsx
    conda-env: /data/MMA_organelle_metagenomics/.snakemake/conda/2a98388a716f6f798b84a5a0a50b2051_

RuleException:
CalledProcessError in file /data/MMA_organelle_metagenomics/Snakefile, line 149:
Command 'set -euo pipefail;  /home/student.unimelb.edu.au/yuhtong/mambaforge/bin/python3.10 /data/MMA_organelle_metagenomics/.snakemake/scripts/tmpy0rjaed6.summarize_binny_results.py' returned non-zero exit status 1.
  File "/data/MMA_organelle_metagenomics/Snakefile", line 149, in __rule_documenting_binny_results
  File "/home/student.unimelb.edu.au/yuhtong/mambaforge/lib/python3.10/concurrent/futures/thread.py", line 58, in run
Shutting down, this might take some time.
Exiting because a job execution failed. Look above for error message
Complete log: .snakemake/log/2023-08-25T161635.391491.snakemake.log
