Building DAG of jobs...
Using shell: /usr/bin/bash
Provided cores: 12
Rules claiming more threads will be scaled down.
Conda environments: ignored
Job stats:
job                 count
----------------  -------
corgi_prediction        1
total                   1

Select jobs to execute...

[Sat Aug 19 18:04:00 2023]
rule corgi_prediction:
    input: ../contigs.fasta
    output: output/working/corgi/plastid.fasta
    log: output/logging_info/corgi.log
    jobid: 0
    reason: Missing output files: output/working/corgi/plastid.fasta
    threads: 12
    resources: tmpdir=/tmp

Terminating processes on user request, this might take some time.
[Sun Aug 20 00:14:51 2023]
Error in rule corgi_prediction:
    jobid: 0
    input: ../contigs.fasta
    output: output/working/corgi/plastid.fasta
    log: output/logging_info/corgi.log (check log file(s) for error details)
    conda-env: corgi-env
    shell:
        
        # to save times, maybe add: --no-save-filtered
        corgi --file ../contigs.fasta --output-dir output/working/corgi --batch-size 128
        
        (one of the commands exited with non-zero exit code; note that snakemake uses bash strict mode!)

Complete log: .snakemake/log/2023-08-19T180400.201278.snakemake.log
