Building DAG of jobs...
Using shell: /usr/bin/bash
Provided cores: 1 (use --cores to define parallelism)
Rules claiming more threads will be scaled down.
Conda environments: ignored
Job stats:
job                 count
----------------  -------
corgi_prediction        1
total                   1

Select jobs to execute...

[Mon Aug 21 16:23:32 2023]
Job 0: Using the machine learning algorithm 'CORGI' to predict contig identity.
Reason: Missing output files: output/working/corgi, output/working/corgi/plastid.fasta, output/logging_info/corgi_benchmarking.tsv

Terminating processes on user request, this might take some time.
[Mon Aug 21 16:26:07 2023]
Error in rule corgi_prediction:
    jobid: 0
    input: ../contigs.fasta
    output: output/working/corgi, output/working/corgi/plastid.fasta
    log: output/logging_info/corgi.log (check log file(s) for error details)
    conda-env: corgi-env
    shell:
        corgi --file ../contigs.fasta --output-dir output/working/corgi --batch-size 1 --min-length 350 2> output/logging_info/corgi.log
        (one of the commands exited with non-zero exit code; note that snakemake uses bash strict mode!)

Complete log: .snakemake/log/2023-08-21T162331.797589.snakemake.log
