The flag 'directory' used in rule all is only valid for outputs, not inputs.
The flag 'directory' used in rule CAT_taxonomy_identification_plus_annotation is only valid for outputs, not inputs.
The flag 'directory' used in rule predict_genes_using_FragGeneScanRs is only valid for outputs, not inputs.
Building DAG of jobs...
Using shell: /usr/bin/bash
Provided cores: 16
Rules claiming more threads will be scaled down.
Conda environments: ignored
Job stats:
job                                   count
----------------------------------  -------
all                                       1
predict_genes_using_FragGeneScanRs        1
total                                     2

Select jobs to execute...

[Thu Aug 24 17:42:13 2023]
Job 1: Use the fast ORF-predictor FragGeneScan Rust to predict gene contents of the MAGs.
Reason: Missing output files: output2/working/FragGeneScanRs

[Thu Aug 24 17:42:13 2023]
Error in rule predict_genes_using_FragGeneScanRs:
    jobid: 1
    input: output2/working/binny/bins
    output: output2/working/FragGeneScanRs

RuleException:
WorkflowError in file /data/MMA_organelle_metagenomics/Snakefile, line 187:
Failed to open source file /data/MMA_organelle_metagenomics/script/FragGeneScanRs_prediction.sh
FileNotFoundError: [Errno 2] No such file or directory: '/data/MMA_organelle_metagenomics/script/FragGeneScanRs_prediction.sh'
  File "/data/MMA_organelle_metagenomics/Snakefile", line 187, in __rule_predict_genes_using_FragGeneScanRs
  File "/home/student.unimelb.edu.au/yuhtong/mambaforge/lib/python3.10/concurrent/futures/thread.py", line 58, in run
Shutting down, this might take some time.
Exiting because a job execution failed. Look above for error message
Complete log: .snakemake/log/2023-08-24T174212.843419.snakemake.log
