Building DAG of jobs...
Using shell: /usr/bin/bash
Provided cores: 16
Rules claiming more threads will be scaled down.
Conda environments: ignored
Job stats:
job                 count
----------------  -------
corgi_prediction        1
total                   1

Select jobs to execute...

[Mon Aug 21 16:30:11 2023]
Job 0: Using the machine learning algorithm 'CORGI' to predict contig identity. Don't rise batch size too high.
Reason: Missing output files: output/working/corgi, output/logging_info/corgi_benchmarking.tsv, output/working/corgi/plastid.fasta

Terminating processes on user request, this might take some time.
[Mon Aug 21 16:32:10 2023]
Error in rule corgi_prediction:
    jobid: 0
    input: ../contigs.fasta
    output: output/working/corgi, output/working/corgi/plastid.fasta
    log: output/logging_info/corgi.log (check log file(s) for error details)
    conda-env: corgi-env
    shell:
        corgi --file ../contigs.fasta --output-dir output/working/corgi --batch-size 1 --min-length 350 2> output/logging_info/corgi.log
        (one of the commands exited with non-zero exit code; note that snakemake uses bash strict mode!)

Complete log: .snakemake/log/2023-08-21T163010.683099.snakemake.log
