The flag 'directory' used in rule all is only valid for outputs, not inputs.
The flag 'directory' used in rule documenting_binny_results is only valid for outputs, not inputs.
The flag 'directory' used in rule CAT_taxonomy_identification_plus_annotation is only valid for outputs, not inputs.
Building DAG of jobs...
Using shell: /usr/bin/bash
Provided cores: 16
Rules claiming more threads will be scaled down.
Conda environments: ignored
Job stats:
job                          count
-------------------------  -------
all                              1
binny_workflow                   1
corgi_prediction                 1
documenting_binny_results        1
total                            4

Select jobs to execute...

[Wed Aug 23 11:06:05 2023]
Job 3: Using the machine learning algorithm 'CORGI' to predict contig identity. Don't rise batch size too high.
Reason: Missing output files: output2/working/corgi/plastid.fasta

Write-protecting output file output2/working/corgi/plastid.fasta.
[Wed Aug 23 12:50:03 2023]
Finished job 3.
1 of 4 steps (25%) done
Select jobs to execute...

[Wed Aug 23 12:50:03 2023]
Job 2: Use the binning algorithm binny to find all high-coverage bins with completeness>=65% and purity>=90%
Reason: Missing output files: output2/working/binny/bins; Input files updated by another job: output2/working/corgi/plastid.fasta

[Wed Aug 23 12:56:21 2023]
Error in rule binny_workflow:
    jobid: 2
    input: output2/working/corgi/plastid.fasta, ../sorted.origout.bam
    output: output2/working/binny, output2/working/binny/bins
    shell:
        
        bash ./scripts/create_yaml.sh -a output2/working/corgi/plastid.fasta -l ../sorted.origout.bam -o binny_output           -e 0.250,0.000 -m 1,2,4,6,8 -c 65           -s 92.5 -p 90 -u 1000
        
        # Now the problem could only be here.
        ./binny/binny -l -n "MMA_plastids" -t 16 -r ./binny/config/config.MMA.yaml

        # must remove the config.yaml created at the end, so we need it to be changed with name.
        # rm ./binny/config/config.MMA.yaml # finally you have to remove it, you don't want to cause confusion.
        echo "The binny workflow is done, bins are within the binny folder, that may need to move out."
        mv binny_output output2/working/binny output2/working/binny/bins
        echo "The binny's output has been moved to the default output directory."
        
        (one of the commands exited with non-zero exit code; note that snakemake uses bash strict mode!)

Removing output files of failed job binny_workflow since they might be corrupted:
output2/working/binny
Shutting down, this might take some time.
Exiting because a job execution failed. Look above for error message
Complete log: .snakemake/log/2023-08-23T110605.090949.snakemake.log
