The flag 'directory' used in rule all is only valid for outputs, not inputs.
Building DAG of jobs...
Using shell: /usr/bin/bash
Provided cores: 16
Rules claiming more threads will be scaled down.
Conda environments: ignored
Job stats:
job               count
--------------  -------
all                   1
binny_workflow        1
total                 2

Select jobs to execute...

[Tue Aug 22 18:30:02 2023]
Job 1: Use the binning algorithm binny to find all high-coverage bins with completeness>=65% and purity>=90%
Reason: Missing output files: output/working/binny

Write-protecting output file output/working/binny.
[Tue Aug 22 18:30:09 2023]
Finished job 1.
1 of 2 steps (50%) done
Select jobs to execute...

[Tue Aug 22 18:30:09 2023]
localrule all:
    input: output/working/binny
    jobid: 0
    reason: Input files updated by another job: output/working/binny
    resources: tmpdir=/tmp

[Tue Aug 22 18:30:09 2023]
Finished job 0.
2 of 2 steps (100%) done
Complete log: .snakemake/log/2023-08-22T182953.758981.snakemake.log
