The flag 'directory' used in rule all is only valid for outputs, not inputs.
The flag 'directory' used in rule CAT_taxonomy_identification_plus_annotation is only valid for outputs, not inputs.
The flag 'directory' used in rule predict_genes_using_FragGeneScanRs is only valid for outputs, not inputs.
Building DAG of jobs...
Using shell: /usr/bin/bash
Provided cores: 16
Rules claiming more threads will be scaled down.
Conda environments: ignored
Job stats:
job                                   count
----------------------------------  -------
all                                       1
predict_genes_using_FragGeneScanRs        1
total                                     2

Select jobs to execute...

[Thu Aug 24 17:49:22 2023]
Job 1: Use the fast ORF-predictor FragGeneScan Rust to predict gene contents of the MAGs.
Reason: Missing output files: output2/working/FragGeneScanRs

[Thu Aug 24 17:49:23 2023]
Finished job 1.
1 of 2 steps (50%) done
Select jobs to execute...

[Thu Aug 24 17:49:23 2023]
localrule all:
    input: output2/working/FragGeneScanRs
    jobid: 0
    reason: Input files updated by another job: output2/working/FragGeneScanRs
    resources: tmpdir=/tmp

[Thu Aug 24 17:49:23 2023]
Finished job 0.
2 of 2 steps (100%) done
Complete log: .snakemake/log/2023-08-24T174921.971256.snakemake.log
