Building DAG of jobs...
Using shell: /usr/bin/bash
Provided cores: 12
Rules claiming more threads will be scaled down.
Conda environments: ignored
Job stats:
job                 count
----------------  -------
corgi_prediction        1
total                   1

Select jobs to execute...

[Mon Aug 14 11:49:06 2023]
rule corgi_prediction:
    input: ../contigs.fasta
    output: output/working/corgi/corgi_prediction.csv, output/working/corgi/plastid_contigs.fasta
    jobid: 0
    reason: Missing output files: output/working/corgi/plastid_contigs.fasta, output/working/corgi/corgi_prediction.csv
    resources: tmpdir=/tmp

RuleException in rule corgi_prediction in file /data/MMA_organelle_metagenomics/Snakefile, line 27:
NameError: The name 'seqs' is unknown in this context. Please make sure that you defined that variable. Also note that braces not used for variable access have to be escaped by repeating them, i.e. {{print $1}}, when formatting the following:

        corgi --file {input.seqs} --csv {output.csv_prediction}
        python scripts/plastid_utils.py --output {output.plastid_contigs} {seqs} {output.csv_prediction}
        
