The flag 'directory' used in rule all is only valid for outputs, not inputs.
Building DAG of jobs...
Using shell: /usr/bin/bash
Provided cores: 16
Rules claiming more threads will be scaled down.
Conda environments: ignored
Job stats:
job               count
--------------  -------
all                   1
binny_workflow        1
total                 2

Select jobs to execute...

[Tue Aug 22 18:24:03 2023]
Job 1: Use the binning algorithm binny to find all high-coverage bins with completeness>=65% and purity>=90%
Reason: Missing output files: output/working/binny

[Tue Aug 22 18:24:09 2023]
Error in rule binny_workflow:
    jobid: 1
    input: output/working/corgi/plastid.fasta, ../sorted.origout.bam
    output: output/working/binny
    shell:
        
        bash ./scripts/create_yaml.sh -a output/working/corgi/plastid.fasta -l ../sorted.origout.bam -o binny_output           -e 0.250,0.000 -m 1,2,4,6,8 -c 65           -s 92.5 -p 90 -u 1000
        
        # Now the problem could only be here.
        ./binny/binny -l -n "MMA_plastids" -t 16 -r ./binny/config/config.MMA.yaml

        # must remove the config.yaml created at the end, so we need it to be changed with name.
        rm ./binny/config/config.MMA.yaml # finally you have to remove it, you don't want to cause confusion.
        echo "The binny workflow is done, bins are within the binny folder, that may need to move out."
        mv ./binny/binny_output output/working/binny
        echo "The binny's output has been moved to the default output directory."
        
        (one of the commands exited with non-zero exit code; note that snakemake uses bash strict mode!)

Shutting down, this might take some time.
Exiting because a job execution failed. Look above for error message
Complete log: .snakemake/log/2023-08-22T182355.320456.snakemake.log
