Building DAG of jobs...
Using shell: /usr/bin/bash
Provided cores: 12
Rules claiming more threads will be scaled down.
Conda environments: ignored
Job stats:
job                 count
----------------  -------
corgi_prediction        1
total                   1

Select jobs to execute...

[Sat Aug 19 17:28:54 2023]
rule corgi_prediction:
    input: ../contigs.fasta
    output: output/working/corgi/plastid.fasta
    jobid: 0
    reason: Missing output files: output/working/corgi/plastid.fasta
    resources: tmpdir=/tmp

Terminating processes on user request, this might take some time.
[Sat Aug 19 18:03:34 2023]
Error in rule corgi_prediction:
    jobid: 0
    input: ../contigs.fasta
    output: output/working/corgi/plastid.fasta
    conda-env: corgi-env
    shell:
        
        # to save times, maybe add: --no-save-filtered
        corgi --file ../contigs.fasta --output-dir output/working/corgi
        
        (one of the commands exited with non-zero exit code; note that snakemake uses bash strict mode!)

Complete log: .snakemake/log/2023-08-19T172854.120239.snakemake.log
