The flag 'directory' used in rule all is only valid for outputs, not inputs.
The flag 'directory' used in rule CAT_taxonomy_identification_plus_annotation is only valid for outputs, not inputs.
Building DAG of jobs...
Using shell: /usr/bin/bash
Provided cores: 16
Rules claiming more threads will be scaled down.
Conda environments: ignored
Job stats:
job                                            count
-------------------------------------------  -------
CAT_taxonomy_identification_plus_annotation        1
all                                                1
total                                              2

Select jobs to execute...

[Thu Aug 24 15:21:59 2023]
rule CAT_taxonomy_identification_plus_annotation:
    input: output2/working/binny/bins
    output: output2/working/CAT
    log: output2/logging_info/CAT.log
    jobid: 1
    benchmark: output2/logging_info/CAT_benchmark.tsv
    reason: Code has changed since last execution
    threads: 7
    resources: tmpdir=/tmp, mem_mb=15000, mem_mib=14306

[Thu Aug 24 17:03:38 2023]
Finished job 1.
1 of 2 steps (50%) done
Select jobs to execute...

[Thu Aug 24 17:03:38 2023]
localrule all:
    input: output2/working/CAT
    jobid: 0
    reason: Input files updated by another job: output2/working/CAT
    resources: tmpdir=/tmp

[Thu Aug 24 17:03:38 2023]
Finished job 0.
2 of 2 steps (100%) done
Complete log: .snakemake/log/2023-08-24T152159.025437.snakemake.log
