The flag 'directory' used in rule all is only valid for outputs, not inputs.
The flag 'directory' used in rule documenting_binny_results is only valid for outputs, not inputs.
The flag 'directory' used in rule CAT_taxonomy_identification_plus_annotation is only valid for outputs, not inputs.
Building DAG of jobs...
Using shell: /usr/bin/bash
Provided cores: 16
Rules claiming more threads will be scaled down.
Conda environments: ignored
Job stats:
job               count
--------------  -------
all                   1
binny_workflow        1
total                 2

Select jobs to execute...

[Wed Aug 23 18:56:53 2023]
Job 1: Use the binning algorithm binny to find all high-coverage bins with completeness>=65% and purity>=90%
Reason: Forced execution

Write-protecting output file output2/working/binny.
[Wed Aug 23 19:03:15 2023]
Finished job 1.
1 of 2 steps (50%) done
Select jobs to execute...

[Wed Aug 23 19:03:15 2023]
localrule all:
    input: output2/working/binny, output2/working/corgi/plastid.fasta
    jobid: 0
    reason: Input files updated by another job: output2/working/binny
    resources: tmpdir=/tmp

[Wed Aug 23 19:03:15 2023]
Finished job 0.
2 of 2 steps (100%) done
Complete log: .snakemake/log/2023-08-23T185645.127505.snakemake.log
