The flag 'directory' used in rule all is only valid for outputs, not inputs.
The flag 'directory' used in rule documenting_binny_results is only valid for outputs, not inputs.
The flag 'directory' used in rule CAT_taxonomy_identification_plus_annotation is only valid for outputs, not inputs.
Building DAG of jobs...
Using shell: /usr/bin/bash
Provided cores: 16
Rules claiming more threads will be scaled down.
Conda environments: ignored
Job stats:
job               count
--------------  -------
all                   1
binny_workflow        1
total                 2

Select jobs to execute...

[Wed Aug 23 18:42:54 2023]
Job 1: Use the binning algorithm binny to find all high-coverage bins with completeness>=65% and purity>=90%
Reason: Missing output files: output2/working/binny

Waiting at most 5 seconds for missing files.
Terminating processes on user request, this might take some time.
Complete log: .snakemake/log/2023-08-23T184245.957341.snakemake.log
