Building DAG of jobs...
Using shell: /usr/bin/bash
Provided cores: 12
Rules claiming more threads will be scaled down.
Job stats:
job                 count
----------------  -------
corgi_prediction        1
total                   1

Select jobs to execute...

[Sun Aug 13 12:07:34 2023]
rule corgi_prediction:
    input: ../contigs.fasta
    output: outputworking/corgi/corgi_prediction.csv
    jobid: 0
    reason: Missing output files: outputworking/corgi/corgi_prediction.csv
    resources: tmpdir=/tmp

[Sun Aug 13 12:07:35 2023]
Error in rule corgi_prediction:
    jobid: 0
    input: ../contigs.fasta
    output: outputworking/corgi/corgi_prediction.csv
    shell:
        
        mamba activate corgi-env
        corgi --file ../contigs.fasta --csv outputworking/corgi/corgi_prediction.csv
        
        (one of the commands exited with non-zero exit code; note that snakemake uses bash strict mode!)

Shutting down, this might take some time.
Exiting because a job execution failed. Look above for error message
Complete log: .snakemake/log/2023-08-13T120733.742625.snakemake.log
