Building DAG of jobs...
Using shell: /usr/bin/bash
Provided cores: 12
Rules claiming more threads will be scaled down.
Conda environments: ignored
Job stats:
job                 count
----------------  -------
corgi_prediction        1
total                   1

Select jobs to execute...

[Sun Aug 13 12:12:36 2023]
rule corgi_prediction:
    input: ../contigs.fasta
    output: outputworking/corgi/corgi_prediction.csv
    jobid: 0
    reason: Missing output files: outputworking/corgi/corgi_prediction.csv
    resources: tmpdir=/tmp

Terminating processes on user request, this might take some time.
[Sun Aug 13 12:15:38 2023]
Error in rule corgi_prediction:
    jobid: 0
    input: ../contigs.fasta
    output: outputworking/corgi/corgi_prediction.csv
    conda-env: corgi-env
    shell:
        

        corgi --file ../contigs.fasta --csv outputworking/corgi/corgi_prediction.csv
        
        (one of the commands exited with non-zero exit code; note that snakemake uses bash strict mode!)

Complete log: .snakemake/log/2023-08-13T121235.603746.snakemake.log
